0 info it worked if it ends with ok
1 verbose cli [ '/usr/local/bin/node', '/usr/local/bin/npm', 'install' ]
2 info using npm@1.4.28
3 info using node@v0.10.33
4 verbose readDependencies using package.json deps
5 verbose install where, deps [ '/Users/chris/Workspace/immodispo/crawl',
5 verbose install   [ 'api-client',
5 verbose install     'crawler',
5 verbose install     'hoek',
5 verbose install     'lodash',
5 verbose install     'mysql',
5 verbose install     'request',
5 verbose install     'squel' ] ]
6 info preinstall immodispo_node_crawler@1.0.0
7 verbose readDependencies using package.json deps
8 verbose cache add [ 'crawler@0.2.7', null ]
9 verbose cache add name=undefined spec="crawler@0.2.7" args=["crawler@0.2.7",null]
10 verbose parsed url { protocol: null,
10 verbose parsed url   slashes: null,
10 verbose parsed url   auth: null,
10 verbose parsed url   host: null,
10 verbose parsed url   port: null,
10 verbose parsed url   hostname: null,
10 verbose parsed url   hash: null,
10 verbose parsed url   search: null,
10 verbose parsed url   query: null,
10 verbose parsed url   pathname: 'crawler@0.2.7',
10 verbose parsed url   path: 'crawler@0.2.7',
10 verbose parsed url   href: 'crawler@0.2.7' }
11 verbose cache add [ 'hoek@^2.10.0', null ]
12 verbose cache add name=undefined spec="hoek@^2.10.0" args=["hoek@^2.10.0",null]
13 verbose parsed url { protocol: null,
13 verbose parsed url   slashes: null,
13 verbose parsed url   auth: null,
13 verbose parsed url   host: null,
13 verbose parsed url   port: null,
13 verbose parsed url   hostname: null,
13 verbose parsed url   hash: null,
13 verbose parsed url   search: null,
13 verbose parsed url   query: null,
13 verbose parsed url   pathname: 'hoek@^2.10.0',
13 verbose parsed url   path: 'hoek@^2.10.0',
13 verbose parsed url   href: 'hoek@^2.10.0' }
14 verbose cache add name="crawler" spec="0.2.7" args=["crawler","0.2.7"]
15 verbose parsed url { protocol: null,
15 verbose parsed url   slashes: null,
15 verbose parsed url   auth: null,
15 verbose parsed url   host: null,
15 verbose parsed url   port: null,
15 verbose parsed url   hostname: null,
15 verbose parsed url   hash: null,
15 verbose parsed url   search: null,
15 verbose parsed url   query: null,
15 verbose parsed url   pathname: '0.2.7',
15 verbose parsed url   path: '0.2.7',
15 verbose parsed url   href: '0.2.7' }
16 verbose addNamed [ 'crawler', '0.2.7' ]
17 verbose addNamed [ '0.2.7', '0.2.7' ]
18 verbose cache add [ 'lodash@^2.4.1', null ]
19 verbose cache add name=undefined spec="lodash@^2.4.1" args=["lodash@^2.4.1",null]
20 verbose parsed url { protocol: null,
20 verbose parsed url   slashes: null,
20 verbose parsed url   auth: null,
20 verbose parsed url   host: null,
20 verbose parsed url   port: null,
20 verbose parsed url   hostname: null,
20 verbose parsed url   hash: null,
20 verbose parsed url   search: null,
20 verbose parsed url   query: null,
20 verbose parsed url   pathname: 'lodash@^2.4.1',
20 verbose parsed url   path: 'lodash@^2.4.1',
20 verbose parsed url   href: 'lodash@^2.4.1' }
21 verbose cache add name="hoek" spec="^2.10.0" args=["hoek","^2.10.0"]
22 verbose parsed url { protocol: null,
22 verbose parsed url   slashes: null,
22 verbose parsed url   auth: null,
22 verbose parsed url   host: null,
22 verbose parsed url   port: null,
22 verbose parsed url   hostname: null,
22 verbose parsed url   hash: null,
22 verbose parsed url   search: null,
22 verbose parsed url   query: null,
22 verbose parsed url   pathname: '^2.10.0',
22 verbose parsed url   path: '^2.10.0',
22 verbose parsed url   href: '^2.10.0' }
23 verbose addNamed [ 'hoek', '^2.10.0' ]
24 verbose addNamed [ null, '>=2.10.0-0 <3.0.0-0' ]
25 silly lockFile 1e6703a8-crawler-0-2-7 crawler@0.2.7
26 verbose lock crawler@0.2.7 /Users/chris/.npm/1e6703a8-crawler-0-2-7.lock
27 silly lockFile 8d8fc4b9-hoek-2-10-0 hoek@^2.10.0
28 verbose lock hoek@^2.10.0 /Users/chris/.npm/8d8fc4b9-hoek-2-10-0.lock
29 verbose cache add [ 'mysql@^2.5.1', null ]
30 verbose cache add name=undefined spec="mysql@^2.5.1" args=["mysql@^2.5.1",null]
31 verbose parsed url { protocol: null,
31 verbose parsed url   slashes: null,
31 verbose parsed url   auth: null,
31 verbose parsed url   host: null,
31 verbose parsed url   port: null,
31 verbose parsed url   hostname: null,
31 verbose parsed url   hash: null,
31 verbose parsed url   search: null,
31 verbose parsed url   query: null,
31 verbose parsed url   pathname: 'mysql@^2.5.1',
31 verbose parsed url   path: 'mysql@^2.5.1',
31 verbose parsed url   href: 'mysql@^2.5.1' }
32 verbose cache add name="lodash" spec="^2.4.1" args=["lodash","^2.4.1"]
33 verbose parsed url { protocol: null,
33 verbose parsed url   slashes: null,
33 verbose parsed url   auth: null,
33 verbose parsed url   host: null,
33 verbose parsed url   port: null,
33 verbose parsed url   hostname: null,
33 verbose parsed url   hash: null,
33 verbose parsed url   search: null,
33 verbose parsed url   query: null,
33 verbose parsed url   pathname: '^2.4.1',
33 verbose parsed url   path: '^2.4.1',
33 verbose parsed url   href: '^2.4.1' }
34 verbose addNamed [ 'lodash', '^2.4.1' ]
35 verbose addNamed [ null, '>=2.4.1-0 <3.0.0-0' ]
36 silly lockFile 59759450-lodash-2-4-1 lodash@^2.4.1
37 verbose lock lodash@^2.4.1 /Users/chris/.npm/59759450-lodash-2-4-1.lock
38 verbose cache add name="mysql" spec="^2.5.1" args=["mysql","^2.5.1"]
39 verbose parsed url { protocol: null,
39 verbose parsed url   slashes: null,
39 verbose parsed url   auth: null,
39 verbose parsed url   host: null,
39 verbose parsed url   port: null,
39 verbose parsed url   hostname: null,
39 verbose parsed url   hash: null,
39 verbose parsed url   search: null,
39 verbose parsed url   query: null,
39 verbose parsed url   pathname: '^2.5.1',
39 verbose parsed url   path: '^2.5.1',
39 verbose parsed url   href: '^2.5.1' }
40 verbose addNamed [ 'mysql', '^2.5.1' ]
41 verbose addNamed [ null, '>=2.5.1-0 <3.0.0-0' ]
42 silly lockFile c08fe86b-mysql-2-5-1 mysql@^2.5.1
43 verbose lock mysql@^2.5.1 /Users/chris/.npm/c08fe86b-mysql-2-5-1.lock
44 verbose cache add [ 'request@^2.44.0', null ]
45 verbose cache add name=undefined spec="request@^2.44.0" args=["request@^2.44.0",null]
46 verbose parsed url { protocol: null,
46 verbose parsed url   slashes: null,
46 verbose parsed url   auth: null,
46 verbose parsed url   host: null,
46 verbose parsed url   port: null,
46 verbose parsed url   hostname: null,
46 verbose parsed url   hash: null,
46 verbose parsed url   search: null,
46 verbose parsed url   query: null,
46 verbose parsed url   pathname: 'request@^2.44.0',
46 verbose parsed url   path: 'request@^2.44.0',
46 verbose parsed url   href: 'request@^2.44.0' }
47 silly addNameRange { name: 'hoek', range: '>=2.10.0-0 <3.0.0-0', hasData: false }
48 verbose cache add [ 'squel@^3.10.0', null ]
49 verbose cache add name=undefined spec="squel@^3.10.0" args=["squel@^3.10.0",null]
50 verbose parsed url { protocol: null,
50 verbose parsed url   slashes: null,
50 verbose parsed url   auth: null,
50 verbose parsed url   host: null,
50 verbose parsed url   port: null,
50 verbose parsed url   hostname: null,
50 verbose parsed url   hash: null,
50 verbose parsed url   search: null,
50 verbose parsed url   query: null,
50 verbose parsed url   pathname: 'squel@^3.10.0',
50 verbose parsed url   path: 'squel@^3.10.0',
50 verbose parsed url   href: 'squel@^3.10.0' }
51 verbose cache add [ 'api-client@https://github.com/hegrec/immodispo-api-client/archive/0.2.0.tar.gz',
51 verbose cache add   null ]
52 verbose cache add name=undefined spec="api-client@https://github.com/hegrec/immodispo-api-client/archive/0.2.0.tar.gz" args=["api-client@https://github.com/hegrec/immodispo-api-client/archive/0.2.0.tar.gz",null]
53 verbose parsed url { protocol: null,
53 verbose parsed url   slashes: null,
53 verbose parsed url   auth: null,
53 verbose parsed url   host: null,
53 verbose parsed url   port: null,
53 verbose parsed url   hostname: null,
53 verbose parsed url   hash: null,
53 verbose parsed url   search: null,
53 verbose parsed url   query: null,
53 verbose parsed url   pathname: 'api-client@https://github.com/hegrec/immodispo-api-client/archive/0.2.0.tar.gz',
53 verbose parsed url   path: 'api-client@https://github.com/hegrec/immodispo-api-client/archive/0.2.0.tar.gz',
53 verbose parsed url   href: 'api-client@https://github.com/hegrec/immodispo-api-client/archive/0.2.0.tar.gz' }
54 verbose cache add name="request" spec="^2.44.0" args=["request","^2.44.0"]
55 verbose parsed url { protocol: null,
55 verbose parsed url   slashes: null,
55 verbose parsed url   auth: null,
55 verbose parsed url   host: null,
55 verbose parsed url   port: null,
55 verbose parsed url   hostname: null,
55 verbose parsed url   hash: null,
55 verbose parsed url   search: null,
55 verbose parsed url   query: null,
55 verbose parsed url   pathname: '^2.44.0',
55 verbose parsed url   path: '^2.44.0',
55 verbose parsed url   href: '^2.44.0' }
56 verbose addNamed [ 'request', '^2.44.0' ]
57 verbose addNamed [ null, '>=2.44.0-0 <3.0.0-0' ]
58 silly lockFile 5f1ceab2-request-2-44-0 request@^2.44.0
59 verbose lock request@^2.44.0 /Users/chris/.npm/5f1ceab2-request-2-44-0.lock
60 silly addNameRange { name: 'lodash', range: '>=2.4.1-0 <3.0.0-0', hasData: false }
61 silly addNameRange { name: 'mysql', range: '>=2.5.1-0 <3.0.0-0', hasData: false }
62 verbose cache add name="squel" spec="^3.10.0" args=["squel","^3.10.0"]
63 verbose parsed url { protocol: null,
63 verbose parsed url   slashes: null,
63 verbose parsed url   auth: null,
63 verbose parsed url   host: null,
63 verbose parsed url   port: null,
63 verbose parsed url   hostname: null,
63 verbose parsed url   hash: null,
63 verbose parsed url   search: null,
63 verbose parsed url   query: null,
63 verbose parsed url   pathname: '^3.10.0',
63 verbose parsed url   path: '^3.10.0',
63 verbose parsed url   href: '^3.10.0' }
64 verbose addNamed [ 'squel', '^3.10.0' ]
65 verbose addNamed [ null, '>=3.10.0-0 <4.0.0-0' ]
66 silly lockFile 21b5357a-squel-3-10-0 squel@^3.10.0
67 verbose lock squel@^3.10.0 /Users/chris/.npm/21b5357a-squel-3-10-0.lock
68 verbose cache add name="api-client" spec="https://github.com/hegrec/immodispo-api-client/archive/0.2.0.tar.gz" args=["api-client","https://github.com/hegrec/immodispo-api-client/archive/0.2.0.tar.gz"]
69 verbose parsed url { protocol: 'https:',
69 verbose parsed url   slashes: true,
69 verbose parsed url   auth: null,
69 verbose parsed url   host: 'github.com',
69 verbose parsed url   port: null,
69 verbose parsed url   hostname: 'github.com',
69 verbose parsed url   hash: null,
69 verbose parsed url   search: null,
69 verbose parsed url   query: null,
69 verbose parsed url   pathname: '/hegrec/immodispo-api-client/archive/0.2.0.tar.gz',
69 verbose parsed url   path: '/hegrec/immodispo-api-client/archive/0.2.0.tar.gz',
69 verbose parsed url   href: 'https://github.com/hegrec/immodispo-api-client/archive/0.2.0.tar.gz' }
70 silly lockFile bf70738a--api-client-archive-0-2-0-tar-gz https://github.com/hegrec/immodispo-api-client/archive/0.2.0.tar.gz
71 verbose lock https://github.com/hegrec/immodispo-api-client/archive/0.2.0.tar.gz /Users/chris/.npm/bf70738a--api-client-archive-0-2-0-tar-gz.lock
72 silly addNameRange { name: 'request', range: '>=2.44.0-0 <3.0.0-0', hasData: false }
73 silly addNameRange { name: 'squel', range: '>=3.10.0-0 <4.0.0-0', hasData: false }
74 verbose addRemoteTarball [ 'https://github.com/hegrec/immodispo-api-client/archive/0.2.0.tar.gz',
74 verbose addRemoteTarball   null ]
75 verbose request where is /crawler
76 verbose request registry https://registry.npmjs.org/
77 verbose request id 9a3dd7bbe0aead5c
78 verbose url raw /crawler
79 verbose url resolving [ 'https://registry.npmjs.org/', './crawler' ]
80 verbose url resolved https://registry.npmjs.org/crawler
81 verbose request where is https://registry.npmjs.org/crawler
82 info trying registry request attempt 1 at 21:06:42
83 verbose etag "A06NGFJLNUY14BZGANYH1CKBF"
84 http GET https://registry.npmjs.org/crawler
85 verbose request where is /hoek
86 verbose request registry https://registry.npmjs.org/
87 verbose url raw /hoek
88 verbose url resolving [ 'https://registry.npmjs.org/', './hoek' ]
89 verbose url resolved https://registry.npmjs.org/hoek
90 verbose request where is https://registry.npmjs.org/hoek
91 info trying registry request attempt 1 at 21:06:42
92 verbose etag "79DYNCHIMI9VSOK2DO1Z05TLW"
93 http GET https://registry.npmjs.org/hoek
94 verbose request where is /lodash
95 verbose request registry https://registry.npmjs.org/
96 verbose url raw /lodash
97 verbose url resolving [ 'https://registry.npmjs.org/', './lodash' ]
98 verbose url resolved https://registry.npmjs.org/lodash
99 verbose request where is https://registry.npmjs.org/lodash
100 info trying registry request attempt 1 at 21:06:42
101 verbose etag "AR7ZMXHIDWEAOW32CD1DXOMLN"
102 http GET https://registry.npmjs.org/lodash
103 verbose request where is /mysql
104 verbose request registry https://registry.npmjs.org/
105 verbose url raw /mysql
106 verbose url resolving [ 'https://registry.npmjs.org/', './mysql' ]
107 verbose url resolved https://registry.npmjs.org/mysql
108 verbose request where is https://registry.npmjs.org/mysql
109 info trying registry request attempt 1 at 21:06:42
110 verbose etag "91V97TL5T3NS0L9L8N7VN77UX"
111 http GET https://registry.npmjs.org/mysql
112 verbose request where is /request
113 verbose request registry https://registry.npmjs.org/
114 verbose url raw /request
115 verbose url resolving [ 'https://registry.npmjs.org/', './request' ]
116 verbose url resolved https://registry.npmjs.org/request
117 verbose request where is https://registry.npmjs.org/request
118 info trying registry request attempt 1 at 21:06:42
119 verbose etag "D12CH2K90S1P4QPIRIQQRBVZQ"
120 http GET https://registry.npmjs.org/request
121 verbose request where is /squel
122 verbose request registry https://registry.npmjs.org/
123 verbose url raw /squel
124 verbose url resolving [ 'https://registry.npmjs.org/', './squel' ]
125 verbose url resolved https://registry.npmjs.org/squel
126 verbose request where is https://registry.npmjs.org/squel
127 info trying registry request attempt 1 at 21:06:42
128 verbose etag "8WXLLZ45X6ON1C8OLZ1ZBVJC8"
129 http GET https://registry.npmjs.org/squel
130 info retry fetch attempt 1 at 21:06:42
131 verbose fetch to= /tmp/npm-19974-RZTiTson/github.com/hegrec/immodispo-api-client/archive/0.2.0.tar.gz
132 http GET https://github.com/hegrec/immodispo-api-client/archive/0.2.0.tar.gz
133 http 304 https://registry.npmjs.org/hoek
134 silly registry.get cb [ 304,
134 silly registry.get   { date: 'Mon, 15 Dec 2014 05:06:42 GMT',
134 silly registry.get     server: 'Apache',
134 silly registry.get     via: '1.1 varnish',
134 silly registry.get     'last-modified': 'Mon, 15 Dec 2014 04:32:33 GMT',
134 silly registry.get     'cache-control': 'max-age=60',
134 silly registry.get     etag: '"79DYNCHIMI9VSOK2DO1Z05TLW"',
134 silly registry.get     age: '29',
134 silly registry.get     'x-served-by': 'cache-lax1421-LAX',
134 silly registry.get     'x-cache': 'HIT',
134 silly registry.get     'x-cache-hits': '287',
134 silly registry.get     'x-timer': 'S1418620002.066268,VS0,VE0',
134 silly registry.get     vary: 'Accept',
134 silly registry.get     'content-length': '0',
134 silly registry.get     'keep-alive': 'timeout=10, max=50',
134 silly registry.get     connection: 'Keep-Alive' } ]
135 verbose etag https://registry.npmjs.org/hoek from cache
136 http 304 https://registry.npmjs.org/mysql
137 silly registry.get cb [ 304,
137 silly registry.get   { date: 'Mon, 15 Dec 2014 05:06:42 GMT',
137 silly registry.get     server: 'Apache',
137 silly registry.get     via: '1.1 varnish',
137 silly registry.get     'last-modified': 'Mon, 15 Dec 2014 05:06:42 GMT',
137 silly registry.get     'cache-control': 'max-age=60',
137 silly registry.get     etag: '"91V97TL5T3NS0L9L8N7VN77UX"',
137 silly registry.get     age: '8',
137 silly registry.get     'x-served-by': 'cache-lax1424-LAX',
137 silly registry.get     'x-cache': 'HIT',
137 silly registry.get     'x-cache-hits': '1',
137 silly registry.get     'x-timer': 'S1418620002.066911,VS0,VE0',
137 silly registry.get     vary: 'Accept',
137 silly registry.get     'content-length': '0',
137 silly registry.get     'keep-alive': 'timeout=10, max=50',
137 silly registry.get     connection: 'Keep-Alive' } ]
138 verbose etag https://registry.npmjs.org/mysql from cache
139 http 304 https://registry.npmjs.org/lodash
140 silly registry.get cb [ 304,
140 silly registry.get   { date: 'Mon, 15 Dec 2014 05:06:42 GMT',
140 silly registry.get     server: 'Apache',
140 silly registry.get     via: '1.1 varnish',
140 silly registry.get     'last-modified': 'Mon, 15 Dec 2014 05:06:42 GMT',
140 silly registry.get     'cache-control': 'max-age=60',
140 silly registry.get     etag: '"AR7ZMXHIDWEAOW32CD1DXOMLN"',
140 silly registry.get     age: '33',
140 silly registry.get     'x-served-by': 'cache-lax1433-LAX',
140 silly registry.get     'x-cache': 'HIT',
140 silly registry.get     'x-cache-hits': '1',
140 silly registry.get     'x-timer': 'S1418620002.074007,VS0,VE0',
140 silly registry.get     vary: 'Accept',
140 silly registry.get     'content-length': '0',
140 silly registry.get     'keep-alive': 'timeout=10, max=50',
140 silly registry.get     connection: 'Keep-Alive' } ]
141 verbose etag https://registry.npmjs.org/lodash from cache
142 http 304 https://registry.npmjs.org/request
143 silly registry.get cb [ 304,
143 silly registry.get   { date: 'Mon, 15 Dec 2014 05:06:42 GMT',
143 silly registry.get     server: 'Apache',
143 silly registry.get     via: '1.1 varnish',
143 silly registry.get     'last-modified': 'Mon, 15 Dec 2014 05:06:42 GMT',
143 silly registry.get     'cache-control': 'max-age=60',
143 silly registry.get     etag: '"D12CH2K90S1P4QPIRIQQRBVZQ"',
143 silly registry.get     age: '2',
143 silly registry.get     'x-served-by': 'cache-lax1433-LAX',
143 silly registry.get     'x-cache': 'HIT',
143 silly registry.get     'x-cache-hits': '1',
143 silly registry.get     'x-timer': 'S1418620002.074004,VS0,VE0',
143 silly registry.get     vary: 'Accept',
143 silly registry.get     'content-length': '0',
143 silly registry.get     'keep-alive': 'timeout=10, max=50',
143 silly registry.get     connection: 'Keep-Alive' } ]
144 verbose etag https://registry.npmjs.org/request from cache
145 silly addNameRange number 2 { name: 'hoek', range: '>=2.10.0-0 <3.0.0-0', hasData: true }
146 silly addNameRange versions [ 'hoek',
146 silly addNameRange   [ '0.0.1',
146 silly addNameRange     '0.0.2',
146 silly addNameRange     '0.0.3',
146 silly addNameRange     '0.0.4',
146 silly addNameRange     '0.0.5',
146 silly addNameRange     '0.0.6',
146 silly addNameRange     '0.0.7',
146 silly addNameRange     '0.0.8',
146 silly addNameRange     '0.0.9',
146 silly addNameRange     '0.0.10',
146 silly addNameRange     '0.0.11',
146 silly addNameRange     '0.0.12',
146 silly addNameRange     '0.0.13',
146 silly addNameRange     '0.0.14',
146 silly addNameRange     '0.0.15',
146 silly addNameRange     '0.0.16',
146 silly addNameRange     '0.0.17',
146 silly addNameRange     '0.0.18',
146 silly addNameRange     '0.0.19',
146 silly addNameRange     '0.0.21',
146 silly addNameRange     '0.1.0',
146 silly addNameRange     '0.2.0',
146 silly addNameRange     '0.3.0',
146 silly addNameRange     '0.4.0',
146 silly addNameRange     '0.4.1',
146 silly addNameRange     '0.4.2',
146 silly addNameRange     '0.4.3',
146 silly addNameRange     '0.4.4',
146 silly addNameRange     '0.4.5',
146 silly addNameRange     '0.5.0',
146 silly addNameRange     '0.6.0',
146 silly addNameRange     '0.6.1',
146 silly addNameRange     '0.6.2',
146 silly addNameRange     '0.7.0',
146 silly addNameRange     '0.7.1',
146 silly addNameRange     '0.7.2',
146 silly addNameRange     '0.7.3',
146 silly addNameRange     '0.7.4',
146 silly addNameRange     '0.7.5',
146 silly addNameRange     '0.7.6',
146 silly addNameRange     '0.8.0',
146 silly addNameRange     '0.8.1',
146 silly addNameRange     '0.8.2',
146 silly addNameRange     '0.8.3',
146 silly addNameRange     '0.8.4',
146 silly addNameRange     '0.8.5',
146 silly addNameRange     '0.9.0',
146 silly addNameRange     '0.9.1',
146 silly addNameRange     '0.10.0',
146 silly addNameRange     '1.0.0',
146 silly addNameRange     '1.0.1',
146 silly addNameRange     '1.0.2',
146 silly addNameRange     '1.0.3',
146 silly addNameRange     '1.1.0',
146 silly addNameRange     '1.1.1',
146 silly addNameRange     '1.1.2',
146 silly addNameRange     '1.2.0',
146 silly addNameRange     '1.3.0',
146 silly addNameRange     '1.4.0',
146 silly addNameRange     '1.4.1',
146 silly addNameRange     '1.5.0',
146 silly addNameRange     '1.5.1',
146 silly addNameRange     '1.5.2',
146 silly addNameRange     '2.0.0',
146 silly addNameRange     '2.1.0',
146 silly addNameRange     '2.1.1',
146 silly addNameRange     '2.2.0',
146 silly addNameRange     '2.3.0',
146 silly addNameRange     '2.4.0',
146 silly addNameRange     '2.4.1',
146 silly addNameRange     '2.5.0',
146 silly addNameRange     '2.5.1',
146 silly addNameRange     '2.6.0',
146 silly addNameRange     '2.7.0',
146 silly addNameRange     '2.8.0',
146 silly addNameRange     '2.8.1',
146 silly addNameRange     '2.9.0',
146 silly addNameRange     '2.9.1',
146 silly addNameRange     '2.10.0' ] ]
147 verbose addNamed [ 'hoek', '2.10.0' ]
148 verbose addNamed [ '2.10.0', '2.10.0' ]
149 silly lockFile 0531f8fd-hoek-2-10-0 hoek@2.10.0
150 verbose lock hoek@2.10.0 /Users/chris/.npm/0531f8fd-hoek-2-10-0.lock
151 silly addNameRange number 2 { name: 'mysql', range: '>=2.5.1-0 <3.0.0-0', hasData: true }
152 silly addNameRange versions [ 'mysql',
152 silly addNameRange   [ '0.1.0',
152 silly addNameRange     '0.2.0',
152 silly addNameRange     '0.3.0',
152 silly addNameRange     '0.4.0',
152 silly addNameRange     '0.5.0',
152 silly addNameRange     '0.6.0',
152 silly addNameRange     '0.7.0',
152 silly addNameRange     '0.8.0',
152 silly addNameRange     '0.9.0',
152 silly addNameRange     '0.9.1',
152 silly addNameRange     '0.9.2',
152 silly addNameRange     '0.9.3',
152 silly addNameRange     '0.9.4',
152 silly addNameRange     '0.9.5',
152 silly addNameRange     '0.9.6',
152 silly addNameRange     '2.0.0-alpha',
152 silly addNameRange     '2.0.0-alpha2',
152 silly addNameRange     '2.0.0-alpha3',
152 silly addNameRange     '2.0.0-alpha4',
152 silly addNameRange     '2.0.0-alpha5',
152 silly addNameRange     '2.0.0-alpha6',
152 silly addNameRange     '2.0.0-alpha7',
152 silly addNameRange     '2.0.0-alpha8',
152 silly addNameRange     '2.0.0-alpha9',
152 silly addNameRange     '2.0.0-rc1',
152 silly addNameRange     '2.0.0-rc2',
152 silly addNameRange     '2.0.0',
152 silly addNameRange     '2.0.1',
152 silly addNameRange     '2.1.0',
152 silly addNameRange     '2.1.1',
152 silly addNameRange     '2.2.0',
152 silly addNameRange     '2.3.0',
152 silly addNameRange     '2.3.1',
152 silly addNameRange     '2.3.2',
152 silly addNameRange     '2.4.0',
152 silly addNameRange     '2.4.1',
152 silly addNameRange     '2.4.2',
152 silly addNameRange     '2.4.3',
152 silly addNameRange     '2.5.0',
152 silly addNameRange     '2.5.1',
152 silly addNameRange     '2.5.2',
152 silly addNameRange     '2.5.3' ] ]
153 verbose addNamed [ 'mysql', '2.5.3' ]
154 verbose addNamed [ '2.5.3', '2.5.3' ]
155 silly lockFile e801aecd-mysql-2-5-3 mysql@2.5.3
156 verbose lock mysql@2.5.3 /Users/chris/.npm/e801aecd-mysql-2-5-3.lock
157 silly addNameRange number 2 { name: 'lodash', range: '>=2.4.1-0 <3.0.0-0', hasData: true }
158 silly addNameRange versions [ 'lodash',
158 silly addNameRange   [ '0.1.0',
158 silly addNameRange     '0.2.0',
158 silly addNameRange     '0.2.1',
158 silly addNameRange     '0.2.2',
158 silly addNameRange     '0.3.0',
158 silly addNameRange     '0.3.1',
158 silly addNameRange     '0.3.2',
158 silly addNameRange     '0.4.0',
158 silly addNameRange     '0.4.1',
158 silly addNameRange     '0.4.2',
158 silly addNameRange     '0.5.0-rc.1',
158 silly addNameRange     '0.5.0',
158 silly addNameRange     '0.5.1',
158 silly addNameRange     '0.5.2',
158 silly addNameRange     '0.6.0',
158 silly addNameRange     '0.6.1',
158 silly addNameRange     '0.7.0',
158 silly addNameRange     '0.8.0',
158 silly addNameRange     '0.8.1',
158 silly addNameRange     '0.8.2',
158 silly addNameRange     '0.9.0',
158 silly addNameRange     '0.9.1',
158 silly addNameRange     '0.9.2',
158 silly addNameRange     '0.10.0',
158 silly addNameRange     '1.0.0-rc.1',
158 silly addNameRange     '1.0.0-rc.2',
158 silly addNameRange     '1.0.0-rc.3',
158 silly addNameRange     '1.0.0',
158 silly addNameRange     '1.0.1',
158 silly addNameRange     '1.1.0',
158 silly addNameRange     '1.1.1',
158 silly addNameRange     '1.2.0',
158 silly addNameRange     '1.2.1',
158 silly addNameRange     '1.3.0',
158 silly addNameRange     '1.3.1',
158 silly addNameRange     '2.0.0',
158 silly addNameRange     '2.1.0',
158 silly addNameRange     '2.2.0',
158 silly addNameRange     '2.2.1',
158 silly addNameRange     '2.3.0',
158 silly addNameRange     '2.4.0',
158 silly addNameRange     '2.4.1' ] ]
159 verbose addNamed [ 'lodash', '2.4.1' ]
160 verbose addNamed [ '2.4.1', '2.4.1' ]
161 silly lockFile 8502be2a-lodash-2-4-1 lodash@2.4.1
162 verbose lock lodash@2.4.1 /Users/chris/.npm/8502be2a-lodash-2-4-1.lock
163 silly addNameRange number 2 { name: 'request', range: '>=2.44.0-0 <3.0.0-0', hasData: true }
164 silly addNameRange versions [ 'request',
164 silly addNameRange   [ '0.10.0',
164 silly addNameRange     '0.8.3',
164 silly addNameRange     '0.9.0',
164 silly addNameRange     '0.9.1',
164 silly addNameRange     '0.9.5',
164 silly addNameRange     '1.0.0',
164 silly addNameRange     '1.1.0',
164 silly addNameRange     '1.1.1',
164 silly addNameRange     '1.2.0',
164 silly addNameRange     '1.9.0',
164 silly addNameRange     '1.9.1',
164 silly addNameRange     '1.9.2',
164 silly addNameRange     '1.9.3',
164 silly addNameRange     '1.9.5',
164 silly addNameRange     '1.9.7',
164 silly addNameRange     '1.9.8',
164 silly addNameRange     '1.9.9',
164 silly addNameRange     '2.0.0',
164 silly addNameRange     '2.0.1',
164 silly addNameRange     '2.0.2',
164 silly addNameRange     '2.0.3',
164 silly addNameRange     '2.0.4',
164 silly addNameRange     '2.0.5',
164 silly addNameRange     '2.1.0',
164 silly addNameRange     '2.1.1',
164 silly addNameRange     '2.2.0',
164 silly addNameRange     '2.2.5',
164 silly addNameRange     '2.2.6',
164 silly addNameRange     '2.2.9',
164 silly addNameRange     '2.9.0',
164 silly addNameRange     '2.9.1',
164 silly addNameRange     '2.9.2',
164 silly addNameRange     '2.9.3',
164 silly addNameRange     '2.9.100',
164 silly addNameRange     '2.9.150',
164 silly addNameRange     '2.9.151',
164 silly addNameRange     '2.9.152',
164 silly addNameRange     '2.9.153',
164 silly addNameRange     '2.9.200',
164 silly addNameRange     '2.9.201',
164 silly addNameRange     '2.9.202',
164 silly addNameRange     '2.9.203',
164 silly addNameRange     '2.10.0',
164 silly addNameRange     '2.11.0',
164 silly addNameRange     '2.11.1',
164 silly addNameRange     '2.11.2',
164 silly addNameRange     '2.11.3',
164 silly addNameRange     '2.11.4',
164 silly addNameRange     '2.12.0',
164 silly addNameRange     '2.14.0',
164 silly addNameRange     '2.16.0',
164 silly addNameRange     '2.16.2',
164 silly addNameRange     '2.16.4',
164 silly addNameRange     '2.16.6',
164 silly addNameRange     '2.18.0',
164 silly addNameRange     '2.19.0',
164 silly addNameRange     '2.20.0',
164 silly addNameRange     '2.21.0',
164 silly addNameRange     '2.22.0',
164 silly addNameRange     '2.23.0',
164 silly addNameRange     '2.24.0',
164 silly addNameRange     '2.25.0',
164 silly addNameRange     '2.26.0',
164 silly addNameRange     '2.27.0',
164 silly addNameRange     '2.28.0',
164 silly addNameRange     '2.29.0',
164 silly addNameRange     '2.30.0',
164 silly addNameRange     '2.31.0',
164 silly addNameRange     '2.32.0',
164 silly addNameRange     '2.33.0',
164 silly addNameRange     '2.34.0',
164 silly addNameRange     '2.35.0',
164 silly addNameRange     '2.36.0',
164 silly addNameRange     '2.37.0',
164 silly addNameRange     '2.38.0',
164 silly addNameRange     '2.39.0',
164 silly addNameRange     '2.40.0',
164 silly addNameRange     '2.41.0',
164 silly addNameRange     '2.42.0',
164 silly addNameRange     '2.43.0',
164 silly addNameRange     '2.44.0',
164 silly addNameRange     '2.45.0',
164 silly addNameRange     '2.46.0',
164 silly addNameRange     '2.47.0',
164 silly addNameRange     '2.48.0',
164 silly addNameRange     '2.49.0',
164 silly addNameRange     '2.50.0',
164 silly addNameRange     '2.51.0' ] ]
165 verbose addNamed [ 'request', '2.51.0' ]
166 verbose addNamed [ '2.51.0', '2.51.0' ]
167 silly lockFile 85707acc-request-2-51-0 request@2.51.0
168 verbose lock request@2.51.0 /Users/chris/.npm/85707acc-request-2-51-0.lock
169 http 304 https://registry.npmjs.org/crawler
170 silly registry.get cb [ 304,
170 silly registry.get   { date: 'Mon, 15 Dec 2014 05:06:42 GMT',
170 silly registry.get     server: 'Apache',
170 silly registry.get     via: '1.1 varnish',
170 silly registry.get     'last-modified': 'Mon, 15 Dec 2014 05:06:42 GMT',
170 silly registry.get     'cache-control': 'max-age=60',
170 silly registry.get     etag: '"A06NGFJLNUY14BZGANYH1CKBF"',
170 silly registry.get     age: '0',
170 silly registry.get     'x-served-by': 'cache-lax1425-LAX',
170 silly registry.get     'x-cache': 'MISS',
170 silly registry.get     'x-cache-hits': '0',
170 silly registry.get     'x-timer': 'S1418620002.066265,VS0,VE39',
170 silly registry.get     vary: 'Accept',
170 silly registry.get     'content-length': '0',
170 silly registry.get     'keep-alive': 'timeout=10, max=50',
170 silly registry.get     connection: 'Keep-Alive' } ]
171 verbose etag https://registry.npmjs.org/crawler from cache
172 silly lockFile 0531f8fd-hoek-2-10-0 hoek@2.10.0
173 silly lockFile 0531f8fd-hoek-2-10-0 hoek@2.10.0
174 silly lockFile 8d8fc4b9-hoek-2-10-0 hoek@^2.10.0
175 silly lockFile 8d8fc4b9-hoek-2-10-0 hoek@^2.10.0
176 silly lockFile e801aecd-mysql-2-5-3 mysql@2.5.3
177 silly lockFile e801aecd-mysql-2-5-3 mysql@2.5.3
178 silly lockFile 8502be2a-lodash-2-4-1 lodash@2.4.1
179 silly lockFile 8502be2a-lodash-2-4-1 lodash@2.4.1
180 silly lockFile c08fe86b-mysql-2-5-1 mysql@^2.5.1
181 silly lockFile c08fe86b-mysql-2-5-1 mysql@^2.5.1
182 silly lockFile 59759450-lodash-2-4-1 lodash@^2.4.1
183 silly lockFile 59759450-lodash-2-4-1 lodash@^2.4.1
184 silly lockFile 85707acc-request-2-51-0 request@2.51.0
185 silly lockFile 85707acc-request-2-51-0 request@2.51.0
186 silly lockFile 5f1ceab2-request-2-44-0 request@^2.44.0
187 silly lockFile 5f1ceab2-request-2-44-0 request@^2.44.0
188 silly lockFile 1e6703a8-crawler-0-2-7 crawler@0.2.7
189 silly lockFile 1e6703a8-crawler-0-2-7 crawler@0.2.7
190 http 304 https://registry.npmjs.org/squel
191 silly registry.get cb [ 304,
191 silly registry.get   { date: 'Mon, 15 Dec 2014 05:06:42 GMT',
191 silly registry.get     server: 'Apache',
191 silly registry.get     via: '1.1 varnish',
191 silly registry.get     'last-modified': 'Mon, 15 Dec 2014 05:06:42 GMT',
191 silly registry.get     'cache-control': 'max-age=60',
191 silly registry.get     etag: '"8WXLLZ45X6ON1C8OLZ1ZBVJC8"',
191 silly registry.get     age: '0',
191 silly registry.get     'x-served-by': 'cache-lax1421-LAX',
191 silly registry.get     'x-cache': 'MISS',
191 silly registry.get     'x-cache-hits': '0',
191 silly registry.get     'x-timer': 'S1418620002.092797,VS0,VE39',
191 silly registry.get     vary: 'Accept',
191 silly registry.get     'content-length': '0',
191 silly registry.get     'keep-alive': 'timeout=10, max=49',
191 silly registry.get     connection: 'Keep-Alive' } ]
192 verbose etag https://registry.npmjs.org/squel from cache
193 silly addNameRange number 2 { name: 'squel', range: '>=3.10.0-0 <4.0.0-0', hasData: true }
194 silly addNameRange versions [ 'squel',
194 silly addNameRange   [ '1.0.0',
194 silly addNameRange     '1.0.1',
194 silly addNameRange     '1.0.2',
194 silly addNameRange     '1.0.3',
194 silly addNameRange     '1.0.5',
194 silly addNameRange     '1.0.6',
194 silly addNameRange     '1.0.7',
194 silly addNameRange     '1.1.0',
194 silly addNameRange     '1.1.1',
194 silly addNameRange     '1.1.2',
194 silly addNameRange     '1.1.3',
194 silly addNameRange     '1.2.0',
194 silly addNameRange     '1.2.1',
194 silly addNameRange     '2.0.0',
194 silly addNameRange     '3.0.0',
194 silly addNameRange     '3.0.1',
194 silly addNameRange     '3.1.0',
194 silly addNameRange     '3.1.1',
194 silly addNameRange     '3.1.2',
194 silly addNameRange     '3.2.0',
194 silly addNameRange     '3.3.0',
194 silly addNameRange     '3.4.0',
194 silly addNameRange     '3.4.1',
194 silly addNameRange     '3.4.2',
194 silly addNameRange     '3.5.0',
194 silly addNameRange     '3.6.0',
194 silly addNameRange     '3.6.1',
194 silly addNameRange     '3.7.0',
194 silly addNameRange     '3.8.1',
194 silly addNameRange     '3.9.0',
194 silly addNameRange     '3.9.1',
194 silly addNameRange     '3.10.0' ] ]
195 verbose addNamed [ 'squel', '3.10.0' ]
196 verbose addNamed [ '3.10.0', '3.10.0' ]
197 silly lockFile ad301cc7-squel-3-10-0 squel@3.10.0
198 verbose lock squel@3.10.0 /Users/chris/.npm/ad301cc7-squel-3-10-0.lock
199 silly lockFile ad301cc7-squel-3-10-0 squel@3.10.0
200 silly lockFile ad301cc7-squel-3-10-0 squel@3.10.0
201 silly lockFile 21b5357a-squel-3-10-0 squel@^3.10.0
202 silly lockFile 21b5357a-squel-3-10-0 squel@^3.10.0
203 http 200 https://github.com/hegrec/immodispo-api-client/archive/0.2.0.tar.gz
204 verbose tar unpack /tmp/npm-19974-RZTiTson/github.com/hegrec/immodispo-api-client/archive/0.2.0.tar.gz
205 silly lockFile 3d828cb6-ient-archive-0-2-0-tar-gz-unpack tar:///tmp/npm-19974-RZTiTson/github.com/hegrec/immodispo-api-client/archive/0.2.0.tar.gz-unpack
206 verbose lock tar:///tmp/npm-19974-RZTiTson/github.com/hegrec/immodispo-api-client/archive/0.2.0.tar.gz-unpack /Users/chris/.npm/3d828cb6-ient-archive-0-2-0-tar-gz-unpack.lock
207 silly lockFile 503bb114--api-client-archive-0-2-0-tar-gz tar:///tmp/npm-19974-RZTiTson/github.com/hegrec/immodispo-api-client/archive/0.2.0.tar.gz
208 verbose lock tar:///tmp/npm-19974-RZTiTson/github.com/hegrec/immodispo-api-client/archive/0.2.0.tar.gz /Users/chris/.npm/503bb114--api-client-archive-0-2-0-tar-gz.lock
209 silly gunzTarPerm modes [ '755', '644' ]
210 silly gunzTarPerm extractEntry
211 silly gunzTarPerm modified mode [ '', 509, 493 ]
212 silly gunzTarPerm extractEntry .gitignore
213 silly gunzTarPerm modified mode [ '.gitignore', 436, 420 ]
214 silly gunzTarPerm extractEntry README.md
215 silly gunzTarPerm modified mode [ 'README.md', 436, 420 ]
216 silly gunzTarPerm extractEntry index.js
217 silly gunzTarPerm modified mode [ 'index.js', 436, 420 ]
218 silly gunzTarPerm extractEntry package.json
219 silly gunzTarPerm modified mode [ 'package.json', 436, 420 ]
220 silly lockFile 3d828cb6-ient-archive-0-2-0-tar-gz-unpack tar:///tmp/npm-19974-RZTiTson/github.com/hegrec/immodispo-api-client/archive/0.2.0.tar.gz-unpack
221 silly lockFile 3d828cb6-ient-archive-0-2-0-tar-gz-unpack tar:///tmp/npm-19974-RZTiTson/github.com/hegrec/immodispo-api-client/archive/0.2.0.tar.gz-unpack
222 silly lockFile 503bb114--api-client-archive-0-2-0-tar-gz tar:///tmp/npm-19974-RZTiTson/github.com/hegrec/immodispo-api-client/archive/0.2.0.tar.gz
223 silly lockFile 503bb114--api-client-archive-0-2-0-tar-gz tar:///tmp/npm-19974-RZTiTson/github.com/hegrec/immodispo-api-client/archive/0.2.0.tar.gz
224 silly lockFile bf70738a--api-client-archive-0-2-0-tar-gz https://github.com/hegrec/immodispo-api-client/archive/0.2.0.tar.gz
225 silly lockFile bf70738a--api-client-archive-0-2-0-tar-gz https://github.com/hegrec/immodispo-api-client/archive/0.2.0.tar.gz
226 error Error: Invalid Package: expected api-client but found immodispo-api-client
226 error     at /usr/local/lib/node_modules/npm/lib/cache/add-local-tarball.js:161:14
226 error     at process._tickCallback (node.js:419:13)
227 error If you need help, you may report this *entire* log,
227 error including the npm and node versions, at:
227 error     <http://github.com/npm/npm/issues>
228 error System Darwin 14.0.0
229 error command "/usr/local/bin/node" "/usr/local/bin/npm" "install"
230 error cwd /Users/chris/Workspace/immodispo/crawl
231 error node -v v0.10.33
232 error npm -v 1.4.28
233 verbose exit [ 1, true ]
